2023-05-23 17:27:40,255 [INFO] Activator:176 - 


2023-05-23 17:27:40,262 [INFO] Activator:177 - !SESSION log4j initialized
2023-05-23 17:27:42,901 [INFO] LogOutputStream:77 - [STDOUT_REDIRECT] 
2023-05-23 17:28:04,088 [ERROR] LogOutputStream:75 - [STDERR_REDIRECT] SLF4J: Failed to load class "org.slf4j.impl.StaticLoggerBinder".
2023-05-23 17:28:04,089 [ERROR] LogOutputStream:75 - [STDERR_REDIRECT] SLF4J: Defaulting to no-operation (NOP) logger implementation
2023-05-23 17:28:04,089 [ERROR] LogOutputStream:75 - [STDERR_REDIRECT] SLF4J: See http://www.slf4j.org/codes.html#StaticLoggerBinder for further details.
2023-05-23 17:43:30,542 [INFO] ApplicationProperties:184 - Using Application install path: /opt/st/stm32cubeide_1.12.0/plugins/com.st.stm32cube.common.mx_6.8.0.202302231600
2023-05-23 17:43:30,571 [INFO] DbMcusXml:78 - Set database path to: /opt/st/stm32cubeide_1.12.0/plugins/com.st.stm32cube.common.mx_6.8.0.202302231600//db//mcu/
2023-05-23 17:43:30,572 [INFO] ApiDb:274 - Set plugin database path to: /opt/st/stm32cubeide_1.12.0/plugins/com.st.stm32cube.common.mx_6.8.0.202302231600//db//plugins/boardmanager/
2023-05-23 17:43:30,576 [WARN] ApiDb:259 - Overriding images path with different value:  => /opt/st/stm32cubeide_1.12.0/plugins/com.st.stm32cube.common.mx_6.8.0.202302231600//db//plugins/mcufinder/images/
2023-05-23 17:43:30,594 [INFO] ApiDb:250 - Set database path to: /home/zabolski_m_ext/.stmcufinder/plugins/mcufinder//mcu/
2023-05-23 17:43:30,596 [INFO] DbMcusAds:125 - Set database path to: /home/zabolski_m_ext/.stmcufinder/plugins/mcufinder//mcu/
2023-05-23 17:43:30,608 [INFO] CrossReferenceDbSqlite:203 - Set database path to: /home/zabolski_m_ext/.stmcufinder/plugins/mcufinder//mcu/cs/
2023-05-23 17:43:30,739 [INFO] RulesReader:64 - Compatibility file has been processed (293 Rules)
2023-05-23 17:43:30,819 [INFO] DbMcusXml:78 - Set database path to: /opt/st/stm32cubeide_1.12.0/plugins/com.st.stm32cube.common.mx_6.8.0.202302231600//db//mcu/
2023-05-23 17:43:30,819 [INFO] ApiDb:274 - Set plugin database path to: /opt/st/stm32cubeide_1.12.0/plugins/com.st.stm32cube.common.mx_6.8.0.202302231600//db//plugins/boardmanager/
2023-05-23 17:43:30,819 [INFO] ApiDb:261 - Set plugin images path to: /opt/st/stm32cubeide_1.12.0/plugins/com.st.stm32cube.common.mx_6.8.0.202302231600//db//plugins/mcufinder/images/
2023-05-23 17:43:30,820 [WARN] DbFile:41 - Overriding database path with different value: /home/zabolski_m_ext/.stmcufinder/plugins/mcufinder/ => /home/zabolski_m_ext/.stmcufinder/plugins/mcufinder
2023-05-23 17:43:30,820 [INFO] ApiDb:250 - Set database path to: /home/zabolski_m_ext/.stmcufinder/plugins/mcufinder//mcu/
2023-05-23 17:43:30,820 [WARN] DbFile:41 - Overriding database path with different value: /home/zabolski_m_ext/.stmcufinder/plugins/mcufinder/ => /home/zabolski_m_ext/.stmcufinder/plugins/mcufinder
2023-05-23 17:43:30,820 [INFO] DbMcusAds:125 - Set database path to: /home/zabolski_m_ext/.stmcufinder/plugins/mcufinder//mcu/
2023-05-23 17:43:30,820 [WARN] DbFile:41 - Overriding database path with different value: /home/zabolski_m_ext/.stmcufinder/plugins/mcufinder/ => /home/zabolski_m_ext/.stmcufinder/plugins/mcufinder
2023-05-23 17:43:30,820 [WARN] DbFile:41 - Overriding database path with different value: /home/zabolski_m_ext/.stmcufinder/plugins/mcufinder/ => /home/zabolski_m_ext/.stmcufinder/plugins/mcufinder
2023-05-23 17:43:30,820 [INFO] CrossReferenceDbSqlite:203 - Set database path to: /home/zabolski_m_ext/.stmcufinder/plugins/mcufinder//mcu/cs/
2023-05-23 17:43:30,907 [INFO] MainPanel:253 - HeapMemory: 632291328
2023-05-23 17:43:31,007 [INFO] DbMcusXml:78 - Set database path to: /opt/st/stm32cubeide_1.12.0/plugins/com.st.stm32cube.common.mx_6.8.0.202302231600//db//mcu/
2023-05-23 17:43:31,007 [INFO] ApiDb:274 - Set plugin database path to: /opt/st/stm32cubeide_1.12.0/plugins/com.st.stm32cube.common.mx_6.8.0.202302231600//db//plugins/boardmanager/
2023-05-23 17:43:31,007 [INFO] ApiDb:261 - Set plugin images path to: /opt/st/stm32cubeide_1.12.0/plugins/com.st.stm32cube.common.mx_6.8.0.202302231600//db//plugins/mcufinder/images/
2023-05-23 17:43:31,007 [WARN] DbFile:41 - Overriding database path with different value: /home/zabolski_m_ext/.stmcufinder/plugins/mcufinder/ => /home/zabolski_m_ext/.stmcufinder/plugins/mcufinder
2023-05-23 17:43:31,008 [INFO] ApiDb:250 - Set database path to: /home/zabolski_m_ext/.stmcufinder/plugins/mcufinder//mcu/
2023-05-23 17:43:31,008 [WARN] DbFile:41 - Overriding database path with different value: /home/zabolski_m_ext/.stmcufinder/plugins/mcufinder/ => /home/zabolski_m_ext/.stmcufinder/plugins/mcufinder
2023-05-23 17:43:31,008 [INFO] DbMcusAds:125 - Set database path to: /home/zabolski_m_ext/.stmcufinder/plugins/mcufinder//mcu/
2023-05-23 17:43:31,008 [WARN] DbFile:41 - Overriding database path with different value: /home/zabolski_m_ext/.stmcufinder/plugins/mcufinder/ => /home/zabolski_m_ext/.stmcufinder/plugins/mcufinder
2023-05-23 17:43:31,008 [WARN] DbFile:41 - Overriding database path with different value: /home/zabolski_m_ext/.stmcufinder/plugins/mcufinder/ => /home/zabolski_m_ext/.stmcufinder/plugins/mcufinder
2023-05-23 17:43:31,008 [INFO] CrossReferenceDbSqlite:203 - Set database path to: /home/zabolski_m_ext/.stmcufinder/plugins/mcufinder//mcu/cs/
2023-05-23 17:43:31,029 [INFO] ApplicationProperties:184 - Using Application install path: /opt/st/stm32cubeide_1.12.0/plugins/com.st.stm32cube.common.mx_6.8.0.202302231600
2023-05-23 17:43:31,031 [INFO] PluginManage:196 - Search for loadable plugins [exclusion list=, ]
2023-05-23 17:43:31,032 [INFO] PluginManage:310 - Check plugin analytics
2023-05-23 17:43:31,236 [INFO] AnalyticsPlugin:253 - Accepted Software Licenses: 
2023-05-23 17:43:31,236 [INFO] AnalyticsPlugin:255 - Accepted CMSIS Pack Licenses: 
2023-05-23 17:43:31,237 [INFO] AnalyticsPlugin:257 - Accepted Firmware Licenses: FW.F4.1.27.0
2023-05-23 17:43:31,242 [INFO] PluginManage:359 - Loaded plugin analytics (category:tool,tabindex:-1)
2023-05-23 17:43:31,243 [INFO] PluginManage:310 - Check plugin cadmodel
2023-05-23 17:43:31,287 [INFO] CADModel:105 - Init CAD model plugin
2023-05-23 17:43:31,288 [INFO] PluginManage:359 - Loaded plugin cadmodel (category:power,tabindex:5)
2023-05-23 17:43:31,288 [INFO] PluginManage:310 - Check plugin clock
2023-05-23 17:43:31,299 [INFO] PluginManage:359 - Loaded plugin clock (category:base,tabindex:2)
2023-05-23 17:43:31,299 [INFO] PluginManage:310 - Check plugin ddr
2023-05-23 17:43:31,301 [INFO] PluginManage:359 - Loaded plugin ddr (category:tool,tabindex:6)
2023-05-23 17:43:31,301 [INFO] PluginManage:310 - Check plugin filemanager
2023-05-23 17:43:31,462 [INFO] PluginManage:359 - Loaded plugin filemanager (category:base,tabindex:10)
2023-05-23 17:43:31,462 [INFO] PluginManage:310 - Check plugin ipmanager
2023-05-23 17:43:31,472 [INFO] PluginManage:359 - Loaded plugin ipmanager (category:base,tabindex:5)
2023-05-23 17:43:31,473 [INFO] PluginManage:310 - Check plugin lpbam
2023-05-23 17:43:31,484 [INFO] PluginManage:359 - Loaded plugin lpbam (category:base,tabindex:0)
2023-05-23 17:43:31,484 [INFO] PluginManage:310 - Check plugin pinoutandconfiguration
2023-05-23 17:43:31,493 [INFO] PluginManage:359 - Loaded plugin pinoutandconfiguration (category:base,tabindex:1)
2023-05-23 17:43:31,494 [INFO] PluginManage:310 - Check plugin pinoutconfig
2023-05-23 17:43:31,592 [WARN] SupportedApi:132 - Cannot load RTOS API schema: s4s-elt-must-match.1: The content of 'definitions' must match (annotation?, (simpleType | complexType)?, (unique | key | keyref)*)). A problem was found starting at: attribute.
2023-05-23 17:43:31,782 [INFO] PluginManage:359 - Loaded plugin pinoutconfig (category:base,tabindex:0)
2023-05-23 17:43:31,782 [INFO] PluginManage:310 - Check plugin power
2023-05-23 17:43:31,797 [INFO] PluginManage:359 - Loaded plugin power (category:power,tabindex:4)
2023-05-23 17:43:31,798 [INFO] PluginManage:310 - Check plugin projectmanager
2023-05-23 17:43:31,820 [INFO] PluginManage:359 - Loaded plugin projectmanager (category:projectmanager,tabindex:3)
2023-05-23 17:43:31,820 [INFO] PluginManage:310 - Check plugin thirdparty
2023-05-23 17:43:31,982 [WARN] IntegrityCheckThread:84 - waiting for thirdparty lock release [integrity check]
2023-05-23 17:43:31,983 [INFO] PluginManage:359 - Loaded plugin thirdparty (category:base,tabindex:-1)
2023-05-23 17:43:31,983 [INFO] IntegrityCheckThread:86 - entering critical section [integrity check]
2023-05-23 17:43:31,984 [INFO] PluginManage:310 - Check plugin tools
2023-05-23 17:43:31,986 [INFO] ThirdPartyUpdaterWithRetryManager:70 - Updater plugin not ready yet. [1/15]
2023-05-23 17:43:31,987 [INFO] PluginManage:359 - Loaded plugin tools (category:base,tabindex:7)
2023-05-23 17:43:31,987 [INFO] PluginManage:310 - Check plugin tutovideos
2023-05-23 17:43:32,249 [INFO] PluginManage:359 - Loaded plugin tutovideos (category:base,tabindex:-1)
2023-05-23 17:43:32,250 [INFO] PluginManage:310 - Check plugin updater
2023-05-23 17:43:32,268 [INFO] PluginManage:359 - Loaded plugin updater (category:base,tabindex:12)
2023-05-23 17:43:32,268 [INFO] PluginManage:283 - PluginManage : Loaded plugins [15]
2023-05-23 17:43:32,560 [INFO] PinOutPanel:1499 - setPackage(No Configuration,No Configuration)
2023-05-23 17:43:32,637 [INFO] CADModel:165 - CPN selected for project level
2023-05-23 17:43:32,637 [INFO] CADModel:114 - Register for checkConnection events
2023-05-23 17:43:32,652 [INFO] IPUIPlugin:80 - create IPUIPlugin
2023-05-23 17:43:32,653 [INFO] PluginManager:220 - loadIPPluginJar : add gtzc
2023-05-23 17:43:32,661 [INFO] IPUIPlugin:80 - create IPUIPlugin
2023-05-23 17:43:32,662 [INFO] PluginManager:220 - loadIPPluginJar : add sai
2023-05-23 17:43:32,669 [INFO] IPUIPlugin:80 - create IPUIPlugin
2023-05-23 17:43:32,669 [INFO] PluginManager:220 - loadIPPluginJar : add resmgrutility
2023-05-23 17:43:32,672 [INFO] IPUIPlugin:80 - create IPUIPlugin
2023-05-23 17:43:32,672 [INFO] PluginManager:220 - loadIPPluginJar : add tracer_emb
2023-05-23 17:43:32,676 [INFO] IPUIPlugin:80 - create IPUIPlugin
2023-05-23 17:43:32,676 [INFO] PluginManager:220 - loadIPPluginJar : add i2c
2023-05-23 17:43:32,682 [INFO] IPUIPlugin:80 - create IPUIPlugin
2023-05-23 17:43:32,682 [INFO] PluginManager:220 - loadIPPluginJar : add ipddr
2023-05-23 17:43:32,684 [INFO] IPUIPlugin:80 - create IPUIPlugin
2023-05-23 17:43:32,685 [INFO] PluginManager:220 - loadIPPluginJar : add quadspi
2023-05-23 17:43:32,691 [INFO] IPUIPlugin:80 - create IPUIPlugin
2023-05-23 17:43:32,692 [INFO] PluginManager:220 - loadIPPluginJar : add gpio
2023-05-23 17:43:32,695 [INFO] IPUIPlugin:80 - create IPUIPlugin
2023-05-23 17:43:32,695 [INFO] PluginManager:220 - loadIPPluginJar : add tim
2023-05-23 17:43:32,697 [INFO] IPUIPlugin:80 - create IPUIPlugin
2023-05-23 17:43:32,698 [INFO] PluginManager:220 - loadIPPluginJar : add ltdc
2023-05-23 17:43:32,701 [INFO] IPUIPlugin:80 - create IPUIPlugin
2023-05-23 17:43:32,702 [INFO] PluginManager:220 - loadIPPluginJar : add can
2023-05-23 17:43:32,705 [INFO] IPUIPlugin:80 - create IPUIPlugin
2023-05-23 17:43:32,705 [INFO] PluginManager:220 - loadIPPluginJar : add i2s
2023-05-23 17:43:32,712 [INFO] IPUIPlugin:80 - create IPUIPlugin
2023-05-23 17:43:32,713 [INFO] PluginManager:220 - loadIPPluginJar : add fmc
2023-05-23 17:43:32,716 [INFO] IPUIPlugin:80 - create IPUIPlugin
2023-05-23 17:43:32,716 [INFO] PluginManager:220 - loadIPPluginJar : add hash
2023-05-23 17:43:32,720 [INFO] IPUIPlugin:80 - create IPUIPlugin
2023-05-23 17:43:32,720 [INFO] PluginManager:220 - loadIPPluginJar : add aes
2023-05-23 17:43:32,727 [INFO] IPUIPlugin:80 - create IPUIPlugin
2023-05-23 17:43:32,727 [INFO] PluginManager:220 - loadIPPluginJar : add stm32_wpan
2023-05-23 17:43:32,730 [INFO] IPUIPlugin:80 - create IPUIPlugin
2023-05-23 17:43:32,730 [INFO] PluginManager:220 - loadIPPluginJar : add fatfs
2023-05-23 17:43:32,734 [INFO] IPUIPlugin:80 - create IPUIPlugin
2023-05-23 17:43:32,734 [INFO] PluginManager:220 - loadIPPluginJar : add dma3
2023-05-23 17:43:32,738 [INFO] IPUIPlugin:80 - create IPUIPlugin
2023-05-23 17:43:32,738 [INFO] PluginManager:220 - loadIPPluginJar : add openamp
2023-05-23 17:43:32,744 [INFO] IPUIPlugin:80 - create IPUIPlugin
2023-05-23 17:43:32,744 [INFO] PluginManager:220 - loadIPPluginJar : add nvic
2023-05-23 17:43:32,753 [INFO] IPUIPlugin:80 - create IPUIPlugin
2023-05-23 17:43:32,753 [INFO] PluginManager:220 - loadIPPluginJar : add adc
2023-05-23 17:43:32,763 [INFO] IPUIPlugin:80 - create IPUIPlugin
2023-05-23 17:43:32,768 [INFO] PluginManager:220 - loadIPPluginJar : add plateformsettings
2023-05-23 17:43:32,770 [INFO] IPUIPlugin:80 - create IPUIPlugin
2023-05-23 17:43:32,771 [INFO] PluginManager:220 - loadIPPluginJar : add tsc
2023-05-23 17:43:32,773 [INFO] IPUIPlugin:80 - create IPUIPlugin
2023-05-23 17:43:32,773 [INFO] PluginManager:220 - loadIPPluginJar : add comp
2023-05-23 17:43:32,778 [INFO] IPUIPlugin:80 - create IPUIPlugin
2023-05-23 17:43:32,778 [INFO] PluginManager:220 - loadIPPluginJar : add usart
2023-05-23 17:43:32,783 [INFO] IPUIPlugin:80 - create IPUIPlugin
2023-05-23 17:43:32,783 [INFO] PluginManager:220 - loadIPPluginJar : add usbx
2023-05-23 17:43:32,786 [INFO] IPUIPlugin:80 - create IPUIPlugin
2023-05-23 17:43:32,786 [INFO] PluginManager:220 - loadIPPluginJar : add ucpd
2023-05-23 17:43:32,790 [INFO] IPUIPlugin:80 - create IPUIPlugin
2023-05-23 17:43:32,791 [INFO] PluginManager:220 - loadIPPluginJar : add pdm2pcm
2023-05-23 17:43:32,802 [INFO] IPUIPlugin:80 - create IPUIPlugin
2023-05-23 17:43:32,803 [INFO] PluginManager:220 - loadIPPluginJar : add linkedlist
2023-05-23 17:43:32,806 [INFO] IPUIPlugin:80 - create IPUIPlugin
2023-05-23 17:43:32,807 [INFO] PluginManager:220 - loadIPPluginJar : add cryp
2023-05-23 17:43:32,817 [INFO] IPUIPlugin:80 - create IPUIPlugin
2023-05-23 17:43:32,817 [INFO] PluginManager:220 - loadIPPluginJar : add mdma
2023-05-23 17:43:32,822 [INFO] IPUIPlugin:80 - create IPUIPlugin
2023-05-23 17:43:32,822 [INFO] PluginManager:220 - loadIPPluginJar : add touchsensing
2023-05-23 17:43:32,830 [INFO] IPUIPlugin:80 - create IPUIPlugin
2023-05-23 17:43:32,831 [INFO] PluginManager:220 - loadIPPluginJar : add freertos
2023-05-23 17:43:32,834 [INFO] IPUIPlugin:80 - create IPUIPlugin
2023-05-23 17:43:32,834 [INFO] PluginManager:220 - loadIPPluginJar : add i3c
2023-05-23 17:43:32,838 [INFO] IPUIPlugin:80 - create IPUIPlugin
2023-05-23 17:43:32,838 [INFO] PluginManager:220 - loadIPPluginJar : add opamp
2023-05-23 17:43:32,840 [INFO] IPUIPlugin:80 - create IPUIPlugin
2023-05-23 17:43:32,840 [INFO] PluginManager:220 - loadIPPluginJar : add genericplugin
2023-05-23 17:43:32,846 [INFO] IPUIPlugin:80 - create IPUIPlugin
2023-05-23 17:43:32,846 [INFO] PluginManager:220 - loadIPPluginJar : add gic
2023-05-23 17:43:32,849 [INFO] IPUIPlugin:80 - create IPUIPlugin
2023-05-23 17:43:32,850 [INFO] PluginManager:220 - loadIPPluginJar : add lorawan
2023-05-23 17:43:32,857 [INFO] IPUIPlugin:80 - create IPUIPlugin
2023-05-23 17:43:32,857 [INFO] PluginManager:220 - loadIPPluginJar : add dma
2023-05-23 17:43:32,859 [INFO] IPUIPlugin:80 - create IPUIPlugin
2023-05-23 17:43:32,859 [INFO] PluginManager:220 - loadIPPluginJar : add gfxmmu
2023-05-23 17:43:32,863 [INFO] IPUIPlugin:80 - create IPUIPlugin
2023-05-23 17:43:32,863 [INFO] PluginManager:220 - loadIPPluginJar : add dfsdm
2023-05-23 17:43:32,865 [INFO] IPUIPlugin:80 - create IPUIPlugin
2023-05-23 17:43:32,865 [INFO] PluginManager:220 - loadIPPluginJar : add ts
2023-05-23 17:43:32,868 [INFO] IPUIPlugin:80 - create IPUIPlugin
2023-05-23 17:43:32,868 [INFO] PluginManager:220 - loadIPPluginJar : add spi
2023-05-23 17:43:32,993 [INFO] CADModel:165 - CPN selected for project level
2023-05-23 17:43:32,993 [INFO] CADModel:114 - Register for checkConnection events
2023-05-23 17:43:32,994 [FATAL] Updater:308 - Updater called before beeing initialized
2023-05-23 17:43:32,994 [ERROR] CADModel:125 - Updater not yet initialized, retry later 
2023-05-23 17:43:33,179 [INFO] CADModel:165 - CPN selected for project level
2023-05-23 17:43:33,179 [INFO] CADModel:114 - Register for checkConnection events
2023-05-23 17:43:33,179 [FATAL] Updater:308 - Updater called before beeing initialized
2023-05-23 17:43:33,180 [ERROR] CADModel:125 - Updater not yet initialized, retry later 
2023-05-23 17:43:33,185 [FATAL] Updater:308 - Updater called before beeing initialized
2023-05-23 17:43:33,317 [FATAL] Updater:308 - Updater called before beeing initialized
2023-05-23 17:43:33,327 [INFO] DbMcusAds:53 - JSON generation date=Tue Mar 07 09:50:54 CET 2023 (1678179054945)
2023-05-23 17:43:33,327 [FATAL] Updater:308 - Updater called before beeing initialized
2023-05-23 17:43:33,441 [WARN] DetailPanel:346 - Failed to get advertising image, set to default
2023-05-23 17:43:33,571 [FATAL] Updater:308 - Updater called before beeing initialized
2023-05-23 17:43:33,573 [FATAL] Updater:308 - Updater called before beeing initialized
2023-05-23 17:43:33,573 [FATAL] Updater:308 - Updater called before beeing initialized
2023-05-23 17:43:33,573 [WARN] DetailPanel:346 - Failed to get advertising image, set to default
2023-05-23 17:43:33,574 [FATAL] Updater:308 - Updater called before beeing initialized
2023-05-23 17:43:33,619 [ERROR] Updater:1120 - MainUpdater not yet initialized. External WinMGr cannot be set.
2023-05-23 17:43:33,621 [INFO] Updater:1056 - Updater Version found : 6.8.0
2023-05-23 17:43:33,640 [INFO] ApplicationProperties:184 - Using Application install path: /opt/st/stm32cubeide_1.12.0/plugins/com.st.stm32cube.common.mx_6.8.0.202302231600
2023-05-23 17:43:33,920 [INFO] MainUpdater:2854 - connection check result : 10
2023-05-23 17:43:33,921 [INFO] MainUpdater:283 - Updater Check For Update Now.
2023-05-23 17:43:33,921 [INFO] MicroXplorer:498 - Change Database Version : DB.6.0.80
2023-05-23 17:43:34,099 [INFO] CheckServerUpdateThread:120 - End of CheckServer Thread
2023-05-23 17:43:34,131 [INFO] MainUpdater:2854 - connection check result : 10
2023-05-23 17:43:34,132 [INFO] MainUpdater:2854 - connection check result : 10
2023-05-23 17:43:34,194 [INFO] MicroXplorer:468 - Change Database Path : 
2023-05-23 17:43:34,194 [INFO] MicroXplorer:498 - Change Database Version : DB.6.0.80
2023-05-23 17:43:34,195 [WARN] ThirdParty:871 - waiting for thirdparty lock release [close project]
2023-05-23 17:43:35,179 [WARN] PackLoader:240 - Cannot read IP mode file for STMicroelectronics.X-CUBE-GNSS1.6.0.0
2023-05-23 17:43:35,235 [WARN] PackLoader:240 - Cannot read IP mode file for STMicroelectronics.X-CUBE-AZRTOS-F4.1.1.0
2023-05-23 17:43:35,253 [WARN] PackLoader:240 - Cannot read IP mode file for STMicroelectronics.X-CUBE-SMBUS.2.1.0
2023-05-23 17:43:35,258 [WARN] PackLoader:240 - Cannot read IP mode file for wolfSSL.I-CUBE-wolfSSL.5.6.0
2023-05-23 17:43:35,295 [WARN] PackLoader:240 - Cannot read IP mode file for STMicroelectronics.X-CUBE-AZRTOS-F7.1.1.0
2023-05-23 17:43:35,428 [WARN] PackLoader:240 - Cannot read IP mode file for STMicroelectronics.X-CUBE-MEMS1.9.6.0
2023-05-23 17:43:35,816 [ERROR] RealEvaluatedCondition:428 - Found unsupported composite condition: CLASS='Data Exchange' GROUP='STM32_MetaDataManager'
2023-05-23 17:43:35,817 [ERROR] RealEvaluatedCondition:428 - Found unsupported composite condition: CLASS='Data Exchange' GROUP='STM32_MetaDataManager'
2023-05-23 17:43:35,819 [WARN] PackLoader:240 - Cannot read IP mode file for STMicroelectronics.FP-SNS-MOTENV1.4.3.0
2023-05-23 17:43:35,825 [WARN] PackLoader:240 - Cannot read IP mode file for STMicroelectronics.FP-SNS-FLIGHT1.5.0.0
2023-05-23 17:43:35,832 [WARN] PackLoader:240 - Cannot read IP mode file for STMicroelectronics.X-CUBE-BLE1.6.2.4
2023-05-23 17:43:35,842 [WARN] PackLoader:240 - Cannot read IP mode file for emotas.I-CUBE-CANOPEN.1.1.3
2023-05-23 17:43:35,853 [WARN] PackLoader:240 - Cannot read IP mode file for STMicroelectronics.X-CUBE-BLEMGR.2.0.0
2023-05-23 17:43:35,881 [WARN] ConditionMgr:438 - getConditionDescription Invalid condition id : UX DEVICE CLASS RTOS Condition cause : null
2023-05-23 17:43:35,882 [WARN] ConditionMgr:438 - getConditionDescription Invalid condition id : UX DEVICE CLASS RTOS Condition cause : null
2023-05-23 17:43:35,888 [WARN] PackLoader:240 - Cannot read IP mode file for STMicroelectronics.X-CUBE-AZRTOS-H7.3.1.0
2023-05-23 17:43:35,890 [WARN] ConditionMgr:1039 - genDependencies : Invalid condition id : UX DEVICE CLASS RTOS Condition cause : null
2023-05-23 17:43:35,890 [WARN] ConditionMgr:1039 - genDependencies : Invalid condition id : UX DEVICE CLASS RTOS Condition cause : null
2023-05-23 17:43:35,892 [WARN] ConditionMgr:1039 - genDependencies : Invalid condition id : UX DEVICE CLASS RTOS Condition cause : null
2023-05-23 17:43:35,892 [WARN] ConditionMgr:1039 - genDependencies : Invalid condition id : UX DEVICE CLASS RTOS Condition cause : null
2023-05-23 17:43:35,892 [WARN] ConditionMgr:1039 - genDependencies : Invalid condition id : UX DEVICE CLASS RTOS Condition cause : null
2023-05-23 17:43:35,946 [WARN] PackLoader:240 - Cannot read IP mode file for STMicroelectronics.X-CUBE-DISPLAY.3.0.0
2023-05-23 17:43:35,960 [WARN] PackLoader:240 - Cannot read IP mode file for STMicroelectronics.X-CUBE-NFC7.1.0.0
2023-05-23 17:43:35,968 [WARN] PackLoader:240 - Cannot read IP mode file for STMicroelectronics.X-CUBE-EEPRMA1.4.1.0
2023-05-23 17:43:35,981 [WARN] PackLoader:240 - Cannot read IP mode file for WES.I-CUBE-Cesium.1.3.0
2023-05-23 17:43:35,989 [WARN] PackLoader:240 - Cannot read IP mode file for STMicroelectronics.X-CUBE-SFXS2LP1.4.0.0
2023-05-23 17:43:35,995 [WARN] PackLoader:240 - Cannot read IP mode file for STMicroelectronics.X-CUBE-BLE2.3.3.0
2023-05-23 17:43:36,001 [WARN] PackLoader:240 - Cannot read IP mode file for STMicroelectronics.X-CUBE-ISPU.1.1.0
2023-05-23 17:43:36,006 [WARN] PackLoader:240 - Cannot read IP mode file for STMicroelectronics.X-CUBE-AI.8.0.0
2023-05-23 17:43:36,011 [WARN] PackLoader:240 - Cannot read IP mode file for STMicroelectronics.X-CUBE-FREERTOS.1.0.1
2023-05-23 17:43:36,016 [WARN] PackLoader:240 - Cannot read IP mode file for STMicroelectronics.X-CUBE-TOUCHGFX.4.21.3
2023-05-23 17:43:36,019 [WARN] PackLoader:240 - Cannot read IP mode file for STMicroelectronics.X-CUBE-TOUCHGFX.4.21.4
2023-05-23 17:43:36,026 [WARN] PackLoader:240 - Cannot read IP mode file for STMicroelectronics.X-CUBE-ALGOBUILD.1.3.0
2023-05-23 17:43:36,047 [WARN] PackLoader:240 - Cannot read IP mode file for STMicroelectronics.X-CUBE-AZRTOS-L5.1.1.0
2023-05-23 17:43:36,073 [WARN] PackLoader:240 - Cannot read IP mode file for STMicroelectronics.X-CUBE-AZRTOS-G0.1.1.0
2023-05-23 17:43:36,097 [WARN] PackLoader:240 - Cannot read IP mode file for STMicroelectronics.X-CUBE-AI.8.0.1
2023-05-23 17:43:36,109 [WARN] PackLoader:240 - Cannot read IP mode file for STMicroelectronics.X-CUBE-SUBG2.5.0.0
2023-05-23 17:43:36,121 [WARN] PackLoader:240 - Cannot read IP mode file for STMicroelectronics.X-CUBE-NFC4.3.0.0
2023-05-23 17:43:36,144 [WARN] PackLoader:240 - Cannot read IP mode file for STMicroelectronics.X-CUBE-AZRTOS-G4.2.0.0
2023-05-23 17:43:36,158 [WARN] PackLoader:240 - Cannot read IP mode file for STMicroelectronics.X-CUBE-TOF1.3.3.0
2023-05-23 17:43:36,188 [WARN] PackLoader:240 - Cannot read IP mode file for STMicroelectronics.X-CUBE-AZRTOS-G4.1.0.0
2023-05-23 17:43:36,194 [WARN] PackLoader:240 - Cannot read IP mode file for STMicroelectronics.FP-ATR-SIGFOX1.3.2.0
2023-05-23 17:43:36,215 [WARN] PackLoader:240 - Cannot read IP mode file for STMicroelectronics.X-CUBE-AZRTOS-L4.1.0.0
2023-05-23 17:43:36,231 [WARN] PackLoader:240 - Cannot read IP mode file for STMicroelectronics.X-CUBE-AZRTOS-WL.1.0.0
2023-05-23 17:43:36,238 [WARN] PackLoader:240 - Cannot read IP mode file for portGmbH.I-Cube-SoM-uGOAL.1.1.0
2023-05-23 17:43:36,243 [WARN] PackLoader:240 - Cannot read IP mode file for STMicroelectronics.X-CUBE-ALS.1.0.1
2023-05-23 17:43:36,295 [WARN] PackLoader:240 - Cannot read IP mode file for STMicroelectronics.X-CUBE-MEMS1.9.5.0
2023-05-23 17:43:36,495 [WARN] PackLoader:240 - Cannot read IP mode file for STMicroelectronics.X-CUBE-AZRTOS-WB.1.1.0
2023-05-23 17:43:36,537 [WARN] PackLoader:240 - Cannot read IP mode file for SEGGER.I-CUBE-embOS.1.3.1
2023-05-23 17:43:36,595 [WARN] PackLoader:240 - Cannot read IP mode file for STMicroelectronics.FP-ATR-ASTRA1.2.0.0
2023-05-23 17:43:36,596 [INFO] ThirdParty:978 - Integrity check success = true
2023-05-23 17:43:36,596 [INFO] IntegrityCheckThread:100 - exiting critical section [integrity check]
2023-05-23 17:43:36,596 [INFO] IntegrityCheckThread:103 - End integrity checks thread
2023-05-23 17:43:36,596 [INFO] ThirdParty:873 - entering critical section [close project]
2023-05-23 17:43:36,599 [INFO] ThirdParty:883 - exiting critical section [close project]
2023-05-23 17:43:36,604 [INFO] PinOutPanel:1499 - setPackage(No Configuration,No Configuration)
2023-05-23 17:43:36,619 [INFO] UtilMem:75 - Begin LoadConfig() Used Memory: 338817320 Bytes (632291328)
2023-05-23 17:43:36,622 [INFO] MicroXplorer:468 - Change Database Path : 
2023-05-23 17:43:36,622 [INFO] MicroXplorer:498 - Change Database Version : DB.6.0.80
2023-05-23 17:43:36,622 [INFO] OpenFileManager:308 - Change cursor
2023-05-23 17:43:36,729 [INFO] Mcu:1937 - Initializing MCU STM32F429ZITx STM32F429ZITx STM32F429ZIT6
2023-05-23 17:43:39,992 [INFO] Context:659 - Trying to add GPIOservice into a context  which must be forbidden
2023-05-23 17:43:41,155 [INFO] RtosManager:555 - Registered RTOS mode: class=CMSIS, group=RTOS, mode=CMSIS_V1, owner=FREERTOS
2023-05-23 17:43:41,156 [INFO] RtosManager:555 - Registered RTOS mode: class=CMSIS, group=RTOS2, mode=CMSIS_V2, owner=FREERTOS
2023-05-23 17:43:41,156 [INFO] RtosManager:555 - Registered RTOS mode: class=RTOS, group=Core, mode=CMSIS_V1, owner=FREERTOS
2023-05-23 17:43:41,156 [INFO] RtosManager:555 - Registered RTOS mode: class=RTOS, group=Core, mode=CMSIS_V2, owner=FREERTOS
2023-05-23 17:43:41,157 [WARN] ModelIntegratedComponent:184 - Missing modes for component STMicroelectronics:FreeRTOS:0.0.1:STMicroelectronics:RTOS:FreeRTOS:Core:::10.2.0:
2023-05-23 17:43:41,177 [WARN] ModelIntegratedComponent:63 - No mode defined for component null
2023-05-23 17:43:41,177 [WARN] ModelIntegratedComponent:63 - No mode defined for component null
2023-05-23 17:43:41,177 [WARN] ModelIntegratedComponent:63 - No mode defined for component null
2023-05-23 17:43:41,177 [WARN] ModelIntegratedComponent:63 - No mode defined for component null
2023-05-23 17:43:41,177 [WARN] ModelIntegratedComponent:63 - No mode defined for component null
2023-05-23 17:43:41,177 [WARN] ModelIntegratedComponent:63 - No mode defined for component null
2023-05-23 17:43:41,177 [WARN] ModelIntegratedComponent:63 - No mode defined for component null
2023-05-23 17:43:41,177 [WARN] ModelIntegratedComponent:63 - No mode defined for component null
2023-05-23 17:43:41,177 [WARN] ModelIntegratedComponent:63 - No mode defined for component null
2023-05-23 17:43:41,177 [WARN] ModelIntegratedComponent:63 - No mode defined for component null
2023-05-23 17:43:41,177 [WARN] ModelIntegratedComponent:63 - No mode defined for component null
2023-05-23 17:43:41,177 [WARN] ModelIntegratedComponent:63 - No mode defined for component null
2023-05-23 17:43:41,178 [WARN] ModelIntegratedComponent:63 - No mode defined for component null
2023-05-23 17:43:41,178 [WARN] ModelIntegratedComponent:63 - No mode defined for component null
2023-05-23 17:43:41,178 [WARN] ModelIntegratedComponent:63 - No mode defined for component null
2023-05-23 17:43:41,178 [WARN] ModelIntegratedComponent:63 - No mode defined for component null
2023-05-23 17:43:41,178 [WARN] ModelIntegratedComponent:63 - No mode defined for component null
2023-05-23 17:43:41,178 [WARN] ModelIntegratedComponent:63 - No mode defined for component null
2023-05-23 17:43:41,178 [WARN] ModelIntegratedComponent:63 - No mode defined for component null
2023-05-23 17:43:41,178 [WARN] ModelIntegratedComponent:63 - No mode defined for component null
2023-05-23 17:43:41,178 [WARN] ModelIntegratedComponent:63 - No mode defined for component null
2023-05-23 17:43:41,178 [WARN] ModelIntegratedComponent:63 - No mode defined for component null
2023-05-23 17:43:41,178 [WARN] ModelIntegratedComponent:63 - No mode defined for component null
2023-05-23 17:43:41,178 [WARN] ModelIntegratedComponent:63 - No mode defined for component null
2023-05-23 17:43:41,178 [WARN] ModelIntegratedComponent:63 - No mode defined for component null
2023-05-23 17:43:41,178 [WARN] ModelIntegratedComponent:63 - No mode defined for component null
2023-05-23 17:43:41,178 [WARN] ModelIntegratedComponent:63 - No mode defined for component null
2023-05-23 17:43:41,178 [WARN] ModelIntegratedComponent:63 - No mode defined for component null
2023-05-23 17:43:41,179 [WARN] ModelIntegratedComponent:63 - No mode defined for component null
2023-05-23 17:43:41,179 [WARN] ModelIntegratedComponent:63 - No mode defined for component null
2023-05-23 17:43:41,179 [WARN] ModelIntegratedComponent:63 - No mode defined for component null
2023-05-23 17:43:41,179 [WARN] ModelIntegratedComponent:63 - No mode defined for component null
2023-05-23 17:43:41,179 [WARN] ModelIntegratedComponent:63 - No mode defined for component null
2023-05-23 17:43:41,443 [INFO] ThirdPartyModel:298 - Start build external matchings
2023-05-23 17:43:42,364 [INFO] ThirdPartyModel:316 - End build external matchings
2023-05-23 17:43:42,391 [INFO] RtosManager:919 - Current active RTOS is FREERTOS [Cortex-M4NS]
2023-05-23 17:43:42,415 [WARN] IP:2113 - LayerIdx_L1 not found: check if there is a RefParameter without a condition.
2023-05-23 17:43:42,417 [INFO] ImportTextPane:194 - (OptionalMessage_ERROR) IP (RCC) : Invalid parameter (FamilyName)
2023-05-23 17:43:42,421 [INFO] ImportTextPane:194 - (OptionalMessage_ERROR) IP (RCC) : Parameter (RTCHSEDivFreq_Value) has invalid value (4000000)
2023-05-23 17:43:42,914 [INFO] UtilMem:75 - End LoadConfig() Used Memory: 239076176 Bytes (632291328)
2023-05-23 17:43:43,120 [INFO] ApiDb:581 - Connected to CubeFinder SQLite database (/home/zabolski_m_ext/.stmcufinder/plugins/mcufinder/mcu/cube-finder-db.db)
2023-05-23 17:43:43,196 [INFO] ApiDb:668 - CubeFinder database Data Model version=2.1
2023-05-23 17:43:43,197 [INFO] ApiDb:669 - CubeFinder database Configuration version=3.0.35
2023-05-23 17:43:43,197 [INFO] ApiDb:670 - CubeFinder database generation date=2023-04-03 (1680511692)
2023-05-23 17:43:43,197 [INFO] ApiDb:671 - CubeFinder database FW Pack versions=[FP-ATR-ASTRA1_V2.0.0, STM32Cube_FW_C0_V1.0.1, STM32Cube_FW_F0_V1.11.4, STM32Cube_FW_F3_V1.11.4, STM32Cube_FW_F4_V1.27.1, STM32Cube_FW_F7_V1.17.0, STM32Cube_FW_G0_V1.6.1, STM32Cube_FW_G4_V1.5.1, STM32Cube_FW_H5_V0.5.1, STM32Cube_FW_H5_V1.0.0, STM32Cube_FW_H7_V1.11.0, STM32Cube_FW_L0_V1.12.2, STM32Cube_FW_L5_V1.5.0, STM32Cube_FW_U5_V1.2.0, STM32Cube_FW_WBA_V1.0.0, STM32Cube_FW_WBA_V1.0.0RC1, STM32Cube_FW_WBA_V1.0.0RC3, STM32Cube_FW_WB_V1.15.0RC1, STM32Cube_FW_WB_V1.16.0, STM32Cube_FW_WB_V1.16.0RC2, STM32Cube_FW_WL_V1.3.0, X-CUBE-ALGOBUILD_V1.3.0, X-CUBE-ALS_V1.0.1, X-CUBE-AZRTOS-F4_V1.1.0, X-CUBE-AZRTOS-F7_V1.1.0, X-CUBE-AZRTOS-G0_V1.1.0, X-CUBE-AZRTOS-G4_V1.0.0, X-CUBE-AZRTOS-H7_V3.0.0, X-CUBE-AZRTOS-L4_V1.0.0, X-CUBE-AZRTOS-L5_V1.1.0, X-CUBE-AZRTOS-WB_V1.1.0, X-CUBE-AZRTOS-WL_V1.0.0, X-CUBE-BLE1_V6.2.4, X-CUBE-BLE2_V3.3.0, X-CUBE-BLEMGR_V1.3.0, X-CUBE-EEPRMA1_V4.1.0, X-CUBE-FREERTOS_V1.0.1, X-CUBE-GNSS1_V6.0.0, X-CUBE-MEMS1_V9.1.0, X-CUBE-MEMS1_V9.4.0, X-CUBE-MEMS1_V9.5.0, X-CUBE-NFC4_V3.0.0, X-CUBE-NFC7_V1.0.0, X-CUBE-SFXS2LP1_V4.0.0, X-CUBE-SUBG2_V5.0.0]
2023-05-23 17:43:45,243 [INFO] ApiDb:240 - Found 297 in-development CPN: [B-G473E-ZEST1S, B-WB1M-WPAN1, B-WL5M-SUBG1, NUCLEO-C031C6, NUCLEO-H503RB, NUCLEO-H563ZI, NUCLEO-U545RE-Q, NUCLEO-U5A5ZJ-Q, NUCLEO-WBA52CG, STEVAL-PROTEUS1, STEVAL-STWINBX1, STM320518-EVAL, STM32C0116-DK, STM32C011D6Y3TR, STM32C011D6Y6TR, STM32C011F4P3, STM32C011F4P6, STM32C011F4U3, STM32C011F4U6TR, STM32C011F6P3, STM32C011F6P6, STM32C011F6U3, STM32C011F6U6TR, STM32C011J4M3, STM32C011J4M6, STM32C011J6M3, STM32C011J6M6, STM32C0316-DK, STM32C031C4T3, STM32C031C4T6, STM32C031C4U3, STM32C031C4U6, STM32C031C6T3, STM32C031C6T6, STM32C031C6U3, STM32C031C6U6, STM32C031F4P3, STM32C031F4P6, STM32C031F6P3, STM32C031F6P6, STM32C031G4U3, STM32C031G4U6, STM32C031G6U3, STM32C031G6U6, STM32C031K4T3, STM32C031K4T6, STM32C031K4U3, STM32C031K4U6, STM32C031K6T3, STM32C031K6T6, STM32C031K6U3, STM32C031K6U6, STM32G071K8TXN, STM32G071K8UXN, STM32G081GBU6N, STM32G081KBT6N, STM32G081KBUXN, STM32G0B1CCT6N, STM32G0B1KCT6, STM32G0B1NEY6TR, STM32G0B1RCT6N, STM32G0C1CCT6, STM32G0C1CCT6N, STM32G0C1CCU6N, STM32G0C1CET6N, STM32G0C1CEU6N, STM32G0C1KCT6, STM32G0C1NEY6TR, STM32G0C1RCI6N, STM32G0C1RCT6N, STM32G0C1REI6N, STM32G0C1RET6N, STM32G0C1VCI6, STM32G0C1VEI6, STM32G471CCT6, STM32G471CCU6, STM32G471CET3, STM32G471CET6, STM32G471CEU3, STM32G471CEU6, STM32G471MCT6, STM32G471MET3, STM32G471MET6, STM32G471MEY6TR, STM32G471QCT6, STM32G471QET3, STM32G471RCT6, STM32G471RET3, STM32G471RET6, STM32G471VCH6, STM32G471VCI6, STM32G471VCT6, STM32G471VEH3, STM32G471VEH6, STM32G471VEI3, STM32G471VEI6, STM32G471VET3, STM32G471VET6, STM32G474CCT6, STM32H503CBT6, STM32H503CBU6, STM32H503EBY6TR, STM32H503KBU6, STM32H503RBT6, STM32H562AGI6, STM32H562AII6, STM32H562IGK6, STM32H562IGT6, STM32H562IIK6, STM32H562IIT6, STM32H562RGT6, STM32H562RGV6, STM32H562RIT6, STM32H562RIV6, STM32H562VGT6, STM32H562VIT6, STM32H562ZGT6, STM32H562ZIT6, STM32H563AGI6, STM32H563AII3Q, STM32H563AII6, STM32H563IGK6, STM32H563IGT6, STM32H563IIK3Q, STM32H563IIK6, STM32H563IIT3Q, STM32H563IIT6, STM32H563MIY3QTR, STM32H563RGT6, STM32H563RGV6, STM32H563RIT6, STM32H563RIV6, STM32H563VGT6, STM32H563VIT3Q, STM32H563VIT6, STM32H563ZGT6, STM32H563ZIT3Q, STM32H563ZIT6, STM32H573AII3Q, STM32H573AII6, STM32H573I-DK, STM32H573IIK3Q, STM32H573IIK6, STM32H573IIT3Q, STM32H573IIT6, STM32H573MIY3QTR, STM32H573RIT6, STM32H573RIV6, STM32H573VIT3Q, STM32H573VIT6, STM32H573ZIT3Q, STM32H573ZIT6, STM32L4R5QGI6STR, STM32MP131AAE3, STM32MP131AAF3, STM32MP131AAG3, STM32MP131CAE3, STM32MP131CAF3, STM32MP131CAG3, STM32MP131DAE7, STM32MP131DAF7, STM32MP131DAG7, STM32MP131FAE7, STM32MP131FAF7, STM32MP131FAG7, STM32MP133AAE3, STM32MP133AAF3, STM32MP133AAG3, STM32MP133CAE3, STM32MP133CAF3, STM32MP133CAG3, STM32MP133DAE7, STM32MP133DAF7, STM32MP133DAG7, STM32MP133FAE7, STM32MP133FAF7, STM32MP133FAG7, STM32MP135AAE3, STM32MP135AAF3, STM32MP135AAG3, STM32MP135CAE3, STM32MP135CAF3, STM32MP135CAG3, STM32MP135DAE7, STM32MP135DAF7, STM32MP135DAG7, STM32MP135F-DK, STM32MP135FAE7, STM32MP135FAF7, STM32MP135FAF7T, STM32MP135FAF7U, STM32MP135FAG7, STM32U535CBT6, STM32U535CBT6Q, STM32U535CBU6, STM32U535CBU6Q, STM32U535CCT6, STM32U535CCT6Q, STM32U535CCU6, STM32U535CCU6Q, STM32U535CET6, STM32U535CET6Q, STM32U535CEU6, STM32U535CEU6Q, STM32U535JEY6QTR, STM32U535NCY6QTR, STM32U535NEY6QTR, STM32U535RBI6, STM32U535RBI6Q, STM32U535RBT6, STM32U535RBT6Q, STM32U535RCI6, STM32U535RCI6Q, STM32U535RCT6, STM32U535RCT6Q, STM32U535REI6, STM32U535REI6Q, STM32U535RET6, STM32U535RET6Q, STM32U535VCI6, STM32U535VCI6Q, STM32U535VCT6, STM32U535VCT6Q, STM32U535VEI6, STM32U535VEI6Q, STM32U535VET6, STM32U535VET6Q, STM32U545CET6, STM32U545CET6Q, STM32U545CEU6, STM32U545CEU6Q, STM32U545JEY6QTR, STM32U545NEY6QTR, STM32U545REI6, STM32U545REI6Q, STM32U545RET6, STM32U545RET6Q, STM32U545VEI6, STM32U545VEI6Q, STM32U545VET6, STM32U545VET6Q, STM32U595AIH6, STM32U595AIH6Q, STM32U595AJH6, STM32U595AJH6Q, STM32U595QII6, STM32U595QII6Q, STM32U595QJI6, STM32U595QJI6Q, STM32U595RIT6, STM32U595RIT6Q, STM32U595RJT6, STM32U595RJT6Q, STM32U595VIT6, STM32U595VIT6Q, STM32U595VJT6, STM32U595VJT6Q, STM32U595ZIT6, STM32U595ZIT6Q, STM32U595ZIY6QTR, STM32U595ZJT6, STM32U595ZJT6Q, STM32U595ZJY6QTR, STM32U599BJY6QTR, STM32U599NIH6Q, STM32U599NJH6Q, STM32U599VIT6Q, STM32U599VJT6, STM32U599VJT6Q, STM32U599ZIT6Q, STM32U599ZIY6QTR, STM32U599ZJT6Q, STM32U599ZJY6QTR, STM32U5A5AJH6, STM32U5A5AJH6Q, STM32U5A5QJI6, STM32U5A5QJI6Q, STM32U5A5RJT6, STM32U5A5RJT6Q, STM32U5A5VJT6, STM32U5A5VJT6Q, STM32U5A5ZJT6, STM32U5A5ZJT6Q, STM32U5A5ZJY6QTR, STM32U5A9BJY6QTR, STM32U5A9J-DK, STM32U5A9NJH6Q, STM32U5A9VJT6Q, STM32U5A9ZJT6Q, STM32U5A9ZJY6QTR, STM32WB1MMCH6, STM32WBA52CEU6, STM32WBA52CEU6T, STM32WBA52CGU6, STM32WBA52CGU6T, STM32WL5MOCH6, STM32WL5MOCH6TR]
2023-05-23 17:43:45,246 [INFO] DbMcus:216 - Found 3775 MCUs, 3775 are supported
2023-05-23 17:43:45,248 [INFO] ApiDb:423 - Load user favorites file /home/zabolski_m_ext/.stm32cubeide/favorites.mcus.txt: 0 item(s)
2023-05-23 17:43:45,248 [INFO] ApiDb:427 - User favorites MCUs=[]
2023-05-23 17:43:45,248 [INFO] DbMcus:222 - Set 0 / 0 favorites MCUs
2023-05-23 17:43:45,658 [WARN] ThirdParty:833 - waiting for thirdparty lock release [change project]
2023-05-23 17:43:45,658 [INFO] ThirdParty:835 - entering critical section [change project]
2023-05-23 17:43:45,658 [INFO] ThirdParty:1030 - CMSIS Pack Vendor :STMicroelectronics X-CUBE-ISPU 1.1.0
2023-05-23 17:43:45,658 [INFO] ThirdParty:1030 - CMSIS Pack Vendor :STMicroelectronics X-CUBE-GNSS1 6.0.0
2023-05-23 17:43:45,658 [INFO] ThirdParty:1030 - CMSIS Pack Vendor :STMicroelectronics USB_HOST 2.0.0
2023-05-23 17:43:45,658 [INFO] ThirdParty:1030 - CMSIS Pack Vendor :STMicroelectronics X-CUBE-AZRTOS-F4 1.1.0
2023-05-23 17:43:45,658 [INFO] ThirdParty:1030 - CMSIS Pack Vendor :STMicroelectronics LIBJPEG 8.0.0
2023-05-23 17:43:45,658 [INFO] ThirdParty:1030 - CMSIS Pack Vendor :STMicroelectronics X-CUBE-SMBUS 2.1.0
2023-05-23 17:43:45,658 [INFO] ThirdParty:1030 - CMSIS Pack Vendor :wolfSSL I-CUBE-wolfSSL 5.6.0
2023-05-23 17:43:45,659 [INFO] ThirdParty:1030 - CMSIS Pack Vendor :STMicroelectronics USB_DEVICE 3.0.0
2023-05-23 17:43:45,659 [INFO] ThirdParty:1030 - CMSIS Pack Vendor :STMicroelectronics X-CUBE-AI 8.0.0
2023-05-23 17:43:45,659 [INFO] ThirdParty:1030 - CMSIS Pack Vendor :STMicroelectronics X-CUBE-FREERTOS 1.0.1
2023-05-23 17:43:45,659 [INFO] ThirdParty:1030 - CMSIS Pack Vendor :STMicroelectronics X-CUBE-TOUCHGFX 4.21.3
2023-05-23 17:43:45,659 [INFO] ThirdParty:1030 - CMSIS Pack Vendor :STMicroelectronics X-CUBE-AZRTOS-F7 1.1.0
2023-05-23 17:43:45,659 [INFO] ThirdParty:1030 - CMSIS Pack Vendor :STMicroelectronics X-CUBE-TOUCHGFX 4.21.4
2023-05-23 17:43:45,659 [INFO] ThirdParty:1030 - CMSIS Pack Vendor :STMicroelectronics USB_DEVICE 2.0.0
2023-05-23 17:43:45,659 [INFO] ThirdParty:1030 - CMSIS Pack Vendor :STMicroelectronics X-CUBE-MEMS1 9.6.0
2023-05-23 17:43:45,659 [INFO] ThirdParty:1030 - CMSIS Pack Vendor :STMicroelectronics FP-SNS-MOTENV1 4.3.0
2023-05-23 17:43:45,659 [INFO] ThirdParty:1030 - CMSIS Pack Vendor :STMicroelectronics FP-SNS-FLIGHT1 5.0.0
2023-05-23 17:43:45,659 [INFO] ThirdParty:1030 - CMSIS Pack Vendor :STMicroelectronics X-CUBE-ALGOBUILD 1.3.0
2023-05-23 17:43:45,659 [INFO] ThirdParty:1030 - CMSIS Pack Vendor :STMicroelectronics X-CUBE-BLE1 6.2.4
2023-05-23 17:43:45,659 [INFO] ThirdParty:1030 - CMSIS Pack Vendor :STMicroelectronics X-CUBE-AZRTOS-L5 1.1.0
2023-05-23 17:43:45,659 [INFO] ThirdParty:1030 - CMSIS Pack Vendor :STMicroelectronics FreeRTOS 0.0.1
2023-05-23 17:43:45,659 [INFO] ThirdParty:1030 - CMSIS Pack Vendor :emotas I-CUBE-CANOPEN 1.1.3
2023-05-23 17:43:45,659 [INFO] ThirdParty:1030 - CMSIS Pack Vendor :STMicroelectronics X-CUBE-AZRTOS-G0 1.1.0
2023-05-23 17:43:45,660 [INFO] ThirdParty:1030 - CMSIS Pack Vendor :STMicroelectronics X-CUBE-BLEMGR 2.0.0
2023-05-23 17:43:45,660 [INFO] ThirdParty:1030 - CMSIS Pack Vendor :STMicroelectronics X-CUBE-AI 8.0.1
2023-05-23 17:43:45,660 [INFO] ThirdParty:1030 - CMSIS Pack Vendor :STMicroelectronics X-CUBE-SUBG2 5.0.0
2023-05-23 17:43:45,660 [INFO] ThirdParty:1030 - CMSIS Pack Vendor :STMicroelectronics X-CUBE-NFC4 3.0.0
2023-05-23 17:43:45,660 [INFO] ThirdParty:1030 - CMSIS Pack Vendor :STMicroelectronics STM32_WPAN 1.0.0
2023-05-23 17:43:45,660 [INFO] ThirdParty:1030 - CMSIS Pack Vendor :STMicroelectronics lwIP 2.0.3
2023-05-23 17:43:45,660 [INFO] ThirdParty:1030 - CMSIS Pack Vendor :STMicroelectronics USB_HOST 1.0.0
2023-05-23 17:43:45,660 [INFO] ThirdParty:1030 - CMSIS Pack Vendor :STMicroelectronics X-CUBE-AZRTOS-G4 2.0.0
2023-05-23 17:43:45,660 [INFO] ThirdParty:1030 - CMSIS Pack Vendor :STMicroelectronics PDM2PCM 3.1.0
2023-05-23 17:43:45,660 [INFO] ThirdParty:1030 - CMSIS Pack Vendor :STMicroelectronics X-CUBE-AZRTOS-H7 3.1.0
2023-05-23 17:43:45,660 [INFO] ThirdParty:1030 - CMSIS Pack Vendor :STMicroelectronics X-CUBE-TOF1 3.3.0
2023-05-23 17:43:45,660 [INFO] ThirdParty:1030 - CMSIS Pack Vendor :STMicroelectronics PDM2PCM 3.3.0
2023-05-23 17:43:45,660 [INFO] ThirdParty:1030 - CMSIS Pack Vendor :STMicroelectronics X-CUBE-DISPLAY 3.0.0
2023-05-23 17:43:45,660 [INFO] ThirdParty:1030 - CMSIS Pack Vendor :STMicroelectronics X-CUBE-AZRTOS-G4 1.0.0
2023-05-23 17:43:45,660 [INFO] ThirdParty:1030 - CMSIS Pack Vendor :STMicroelectronics FP-ATR-SIGFOX1 3.2.0
2023-05-23 17:43:45,660 [INFO] ThirdParty:1030 - CMSIS Pack Vendor :STMicroelectronics X-CUBE-AZRTOS-L4 1.0.0
2023-05-23 17:43:45,660 [INFO] ThirdParty:1030 - CMSIS Pack Vendor :STMicroelectronics HAL Drivers 0.0.0
2023-05-23 17:43:45,660 [INFO] ThirdParty:1030 - CMSIS Pack Vendor :STMicroelectronics MBEDTLS 2.16.2
2023-05-23 17:43:45,660 [INFO] ThirdParty:1030 - CMSIS Pack Vendor :STMicroelectronics MBEDTLS 2.14.1
2023-05-23 17:43:45,661 [INFO] ThirdParty:1030 - CMSIS Pack Vendor :STMicroelectronics X-CUBE-NFC7 1.0.0
2023-05-23 17:43:45,661 [INFO] ThirdParty:1030 - CMSIS Pack Vendor :STMicroelectronics X-CUBE-AZRTOS-WL 1.0.0
2023-05-23 17:43:45,661 [INFO] ThirdParty:1030 - CMSIS Pack Vendor :STMicroelectronics X-CUBE-EEPRMA1 4.1.0
2023-05-23 17:43:45,661 [INFO] ThirdParty:1030 - CMSIS Pack Vendor :portGmbH I-Cube-SoM-uGOAL 1.1.0
2023-05-23 17:43:45,661 [INFO] ThirdParty:1030 - CMSIS Pack Vendor :STMicroelectronics X-CUBE-ALS 1.0.1
2023-05-23 17:43:45,661 [INFO] ThirdParty:1030 - CMSIS Pack Vendor :STMicroelectronics X-CUBE-MEMS1 9.5.0
2023-05-23 17:43:45,661 [INFO] ThirdParty:1030 - CMSIS Pack Vendor :STMicroelectronics ThreadX 1.0.0
2023-05-23 17:43:45,661 [INFO] ThirdParty:1030 - CMSIS Pack Vendor :STMicroelectronics X-CUBE-AZRTOS-WB 1.1.0
2023-05-23 17:43:45,661 [INFO] ThirdParty:1030 - CMSIS Pack Vendor :SEGGER I-CUBE-embOS 1.3.1
2023-05-23 17:43:45,661 [INFO] ThirdParty:1030 - CMSIS Pack Vendor :STMicroelectronics USB_DEVICE 1.0.0
2023-05-23 17:43:45,661 [INFO] ThirdParty:1030 - CMSIS Pack Vendor :STMicroelectronics ThreadX 0.0.2
2023-05-23 17:43:45,661 [INFO] ThirdParty:1030 - CMSIS Pack Vendor :WES I-CUBE-Cesium 1.3.0
2023-05-23 17:43:45,661 [INFO] ThirdParty:1030 - CMSIS Pack Vendor :STMicroelectronics FP-ATR-ASTRA1 2.0.0
2023-05-23 17:43:45,661 [INFO] ThirdParty:1030 - CMSIS Pack Vendor :STMicroelectronics lwIP 2.1.2
2023-05-23 17:43:45,661 [INFO] ThirdParty:1030 - CMSIS Pack Vendor :STMicroelectronics X-CUBE-SFXS2LP1 4.0.0
2023-05-23 17:43:45,661 [INFO] ThirdParty:1030 - CMSIS Pack Vendor :STMicroelectronics X-CUBE-BLE2 3.3.0
2023-05-23 17:43:45,661 [INFO] ThirdParty:1030 - CMSIS Pack Vendor :STMicroelectronics PDM2PCM 3.2.0
2023-05-23 17:43:45,662 [INFO] ThirdParty:841 - exiting critical section [change project]
2023-05-23 17:43:46,562 [INFO] PinOutPanel:1499 - setPackage(No Configuration,No Configuration)
2023-05-23 17:43:46,563 [INFO] PinOutPanel:1499 - setPackage(STM32F429ZITx,LQFP144)
2023-05-23 17:43:47,509 [INFO] UtilMem:75 - Before build in PCC Used Memory: 253131592 Bytes (632291328)
2023-05-23 17:43:48,704 [INFO] UtilMem:75 - After build in PCC Used Memory: 420903672 Bytes (632291328)
2023-05-23 17:43:48,849 [INFO] ApiDbMcu:507 - Load IP Config File for FREERTOS
2023-05-23 17:43:48,898 [INFO] ApiDbMcu:507 - Load IP Config File for USB_HOST
2023-05-23 17:43:48,989 [INFO] IPUIPlugin:80 - create IPUIPlugin
2023-05-23 17:43:48,989 [INFO] IPUIPlugin:80 - create IPUIPlugin
2023-05-23 17:43:48,989 [INFO] IPUIPlugin:80 - create IPUIPlugin
2023-05-23 17:43:48,989 [INFO] IPUIPlugin:80 - create IPUIPlugin
2023-05-23 17:43:48,989 [INFO] IPUIPlugin:80 - create IPUIPlugin
2023-05-23 17:43:48,990 [INFO] IPUIPlugin:80 - create IPUIPlugin
2023-05-23 17:43:48,990 [INFO] IPUIPlugin:80 - create IPUIPlugin
2023-05-23 17:43:48,990 [INFO] IPUIPlugin:80 - create IPUIPlugin
2023-05-23 17:43:48,993 [INFO] IPUIPlugin:80 - create IPUIPlugin
2023-05-23 17:43:48,993 [INFO] IPUIPlugin:80 - create IPUIPlugin
2023-05-23 17:43:48,993 [INFO] IPUIPlugin:80 - create IPUIPlugin
2023-05-23 17:43:48,994 [INFO] IPUIPlugin:80 - create IPUIPlugin
2023-05-23 17:43:48,994 [INFO] IPUIPlugin:80 - create IPUIPlugin
2023-05-23 17:43:48,994 [INFO] IPUIPlugin:80 - create IPUIPlugin
2023-05-23 17:43:48,994 [INFO] IPUIPlugin:80 - create IPUIPlugin
2023-05-23 17:43:48,994 [INFO] IPUIPlugin:80 - create IPUIPlugin
2023-05-23 17:43:48,994 [INFO] IPUIPlugin:80 - create IPUIPlugin
2023-05-23 17:43:48,994 [INFO] IPUIPlugin:80 - create IPUIPlugin
2023-05-23 17:43:48,995 [INFO] IPUIPlugin:80 - create IPUIPlugin
2023-05-23 17:43:48,995 [INFO] IPUIPlugin:80 - create IPUIPlugin
2023-05-23 17:43:48,995 [INFO] IPUIPlugin:80 - create IPUIPlugin
2023-05-23 17:43:48,995 [INFO] IPUIPlugin:80 - create IPUIPlugin
2023-05-23 17:43:48,995 [INFO] IPUIPlugin:80 - create IPUIPlugin
2023-05-23 17:43:48,996 [INFO] IPUIPlugin:80 - create IPUIPlugin
2023-05-23 17:43:48,996 [INFO] IPUIPlugin:80 - create IPUIPlugin
2023-05-23 17:43:48,996 [INFO] IPUIPlugin:80 - create IPUIPlugin
2023-05-23 17:43:48,997 [INFO] IPUIPlugin:80 - create IPUIPlugin
2023-05-23 17:43:48,997 [INFO] IPUIPlugin:80 - create IPUIPlugin
2023-05-23 17:43:48,997 [INFO] IPUIPlugin:80 - create IPUIPlugin
2023-05-23 17:43:48,998 [INFO] IPUIPlugin:80 - create IPUIPlugin
2023-05-23 17:43:48,998 [INFO] IPUIPlugin:80 - create IPUIPlugin
2023-05-23 17:43:48,998 [INFO] IPUIPlugin:80 - create IPUIPlugin
2023-05-23 17:43:49,003 [INFO] IPUIPlugin:80 - create IPUIPlugin
2023-05-23 17:43:49,003 [INFO] IPUIPlugin:80 - create IPUIPlugin
2023-05-23 17:43:49,004 [INFO] IPUIPlugin:80 - create IPUIPlugin
2023-05-23 17:43:49,004 [INFO] IPUIPlugin:80 - create IPUIPlugin
2023-05-23 17:43:49,005 [INFO] IPUIPlugin:80 - create IPUIPlugin
2023-05-23 17:43:49,005 [INFO] IPUIPlugin:80 - create IPUIPlugin
2023-05-23 17:43:49,005 [INFO] IPUIPlugin:80 - create IPUIPlugin
2023-05-23 17:43:49,006 [INFO] IPUIPlugin:80 - create IPUIPlugin
2023-05-23 17:43:49,006 [INFO] IPUIPlugin:80 - create IPUIPlugin
2023-05-23 17:43:49,007 [INFO] IPUIPlugin:80 - create IPUIPlugin
2023-05-23 17:43:49,007 [INFO] IPUIPlugin:80 - create IPUIPlugin
2023-05-23 17:43:49,007 [INFO] IPUIPlugin:80 - create IPUIPlugin
2023-05-23 17:43:49,007 [INFO] IPUIPlugin:80 - create IPUIPlugin
2023-05-23 17:43:49,008 [INFO] IPUIPlugin:80 - create IPUIPlugin
2023-05-23 17:43:49,008 [INFO] IPUIPlugin:80 - create IPUIPlugin
2023-05-23 17:43:49,008 [INFO] IPUIPlugin:80 - create IPUIPlugin
2023-05-23 17:43:49,008 [INFO] IPUIPlugin:80 - create IPUIPlugin
2023-05-23 17:43:49,008 [INFO] IPUIPlugin:80 - create IPUIPlugin
2023-05-23 17:43:49,009 [INFO] IPUIPlugin:80 - create IPUIPlugin
2023-05-23 17:43:49,009 [INFO] IPUIPlugin:80 - create IPUIPlugin
2023-05-23 17:43:49,009 [INFO] IPUIPlugin:80 - create IPUIPlugin
2023-05-23 17:43:49,009 [INFO] IPUIPlugin:80 - create IPUIPlugin
2023-05-23 17:43:49,010 [INFO] IPUIPlugin:80 - create IPUIPlugin
2023-05-23 17:43:49,010 [INFO] IPUIPlugin:80 - create IPUIPlugin
2023-05-23 17:43:49,010 [INFO] IPUIPlugin:80 - create IPUIPlugin
2023-05-23 17:43:49,011 [INFO] IPUIPlugin:80 - create IPUIPlugin
2023-05-23 17:43:49,011 [INFO] IPUIPlugin:80 - create IPUIPlugin
2023-05-23 17:43:49,011 [INFO] IPUIPlugin:80 - create IPUIPlugin
2023-05-23 17:43:49,012 [INFO] IPUIPlugin:80 - create IPUIPlugin
2023-05-23 17:43:49,013 [INFO] IPUIPlugin:80 - create IPUIPlugin
2023-05-23 17:43:49,014 [INFO] IPUIPlugin:80 - create IPUIPlugin
2023-05-23 17:43:49,014 [INFO] IPUIPlugin:80 - create IPUIPlugin
2023-05-23 17:43:49,015 [INFO] IPUIPlugin:80 - create IPUIPlugin
2023-05-23 17:43:49,016 [INFO] IPUIPlugin:80 - create IPUIPlugin
2023-05-23 17:43:49,036 [INFO] ApiDbMcu:507 - Load IP Config File for PDM2PCM
2023-05-23 17:43:49,097 [WARN] FreeRTOS:1023 - Null or empty value: should not occur! (nothing added to the table)
2023-05-23 17:43:49,580 [INFO] CADModel:165 - CPN selected for project levelSTM32F429ZIT6
2023-05-23 17:43:49,580 [INFO] CADModel:114 - Register for checkConnection events
2023-05-23 17:43:49,584 [INFO] RtosManager:697 - Active RTOS found at IOC load: FREERTOS [Cortex-M4NS]
2023-05-23 17:43:49,638 [INFO] OpenFileManager:328 - Restore cursor
2023-05-23 17:43:49,847 [WARN] IP:2113 - LayerIdx_L1 not found: check if there is a RefParameter without a condition.
2023-05-23 17:43:57,400 [WARN] IP:2113 - LayerIdx_L1 not found: check if there is a RefParameter without a condition.
2023-05-23 19:06:56,008 [ERROR] ConfigurationRetriever:142 - IOException on connection: sw-center.st.com
2023-05-23 19:06:56,019 [ERROR] ConfigurationRetriever:142 - IOException on connection: sw-center.st.com
2023-05-23 19:06:56,019 [ERROR] ConfigurationRetriever:142 - IOException on connection: sw-center.st.com
2023-05-23 19:06:59,746 [ERROR] ConfigurationRetriever:142 - IOException on connection: sw-center.st.com
2023-05-23 19:06:59,747 [ERROR] ConfigurationRetriever:142 - IOException on connection: sw-center.st.com
2023-05-23 19:06:59,750 [ERROR] ConfigurationRetriever:142 - IOException on connection: sw-center.st.com
2023-05-23 19:16:21,327 [ERROR] ConfigurationRetriever:142 - IOException on connection: sw-center.st.com
2023-05-23 19:16:21,329 [ERROR] ConfigurationRetriever:142 - IOException on connection: sw-center.st.com
2023-05-23 19:16:21,330 [ERROR] ConfigurationRetriever:142 - IOException on connection: sw-center.st.com
